2022-04-26 15:55:55|4.159937ms|404|GET|/|::1|0 B|3.5 KB||
2022-04-26 15:55:55|1.990648ms|404|GET|/favicon.ico|::1|0 B|3.5 KB||
2022-04-26 15:56:00|8.715181ms|404|GET|/admin/login|::1|0 B|3.5 KB||
2022-04-26 15:56:19|23.040819ms|200|GET|/admin/login/index|::1|0 B|1.9 KB||
2022-04-26 15:56:19|18.541222ms|200|GET|/static/admin/css/member.css|::1|file=admin/css/member.css v=1.0.7|0 B|10 B||
2022-04-26 15:56:19|20.645115ms|200|GET|/static/js/jquery.min.js|::1|file=js/jquery.min.js v=1.0.7|0 B|23.1 KB||
2022-04-26 15:56:19|8.973241ms|200|GET|/static/js/layui/layui.js|::1|file=js/layui/layui.js v=1.0.7|0 B|10 B||
2022-04-26 15:56:19|11.638439ms|200|GET|/static/js/xadmin.js|::1|file=js/xadmin.js v=1.0.7|0 B|10 B||
2022-04-26 15:56:19|10.783596ms|200|GET|/static/admin/js/login.js|::1|file=admin/js/login.js v=1.0.7|0 B|10 B||
2022-04-26 15:56:19|15.501853ms|200|GET|/admin/login/captcha|::1|0 B|653 B||
2022-04-26 15:56:19|4.042366ms|200|GET|/static/js/layui/lay/modules/layer.js|::1|file=js/layui/lay/modules/layer.js|0 B|10 B||
2022-04-26 15:56:19|1.814603ms|200|GET|/static/js/layui/lay/modules/form.js|::1|file=js/layui/lay/modules/form.js|0 B|10 B||
2022-04-26 15:56:19|11.270825ms|200|GET|/static/admin/images/icon-yanzhengma.png|::1|file=admin/images/icon-yanzhengma.png|0 B|10 B||
2022-04-26 15:56:19|15.926046ms|200|GET|/static/admin/images/login.gif|::1|file=admin/images/login.gif|0 B|10 B||
2022-04-26 15:56:19|683.296µs|200|GET|/static/js/layui/css/modules/layer/default/layer.css|::1|file=js/layui/css/modules/layer/default/layer.css v=3.1.1|0 B|10 B||
2022-04-26 15:56:19|9.533499ms|200|GET|/static/js/mod/ie_version.js|::1|file=js/mod/ie_version.js|0 B|10 B||
2022-04-26 15:56:19|35.903763ms|200|GET|/static/js/layui/lay/modules/element.js|::1|file=js/layui/lay/modules/element.js|0 B|10 B||
2022-04-26 15:56:19|334.005055ms|200|GET|/static/admin/images/cloud.jpg|::1|file=admin/images/cloud.jpg|0 B|563.7 KB||
2022-04-26 15:56:33|10.030201ms|200|GET|/static/js/layui/css/modules/layer/default/loading-0.gif|::1|file=js/layui/css/modules/layer/default/loading-0.gif|0 B|10 B||
2022-04-26 15:56:33|4.793921ms|200|POST|/admin/login/check|::1|42 B|61 B|admin_name=admin&password=zxc123&code=8440|
2022-04-26 15:56:33|1.632518ms|200|GET|/static/js/layui/css/modules/layer/default/icon.png|::1|file=js/layui/css/modules/layer/default/icon.png|0 B|10 B||
2022-04-26 15:56:36|14.661848ms|200|GET|/admin/login/captcha|::1|randow=0.30471555250851656|0 B|624 B||
2022-04-26 15:56:48|732.448µs|200|POST|/admin/login/check|::1|42 B|61 B|admin_name=admin&password=zxc123&code=8440|
2022-04-26 15:56:52|19.840233ms|200|GET|/admin/login/captcha|::1|randow=0.5148695266025376|0 B|579 B||
2022-04-26 15:57:01|2.045005ms|200|POST|/admin/login/check|::1|42 B|61 B|admin_name=admin&password=zxc123&code=8440|
2022-04-26 15:57:05|10.424603ms|200|GET|/admin/login/captcha|::1|randow=0.11943326302003143|0 B|643 B||
2022-04-26 15:57:11|7.432585ms|200|POST|/admin/login/check|::1|42 B|61 B|admin_name=admin&password=zxc123&code=4389|
2022-04-26 15:57:14|11.213831ms|200|GET|/admin/login/captcha|::1|randow=0.42475950060196266|0 B|600 B||
2022-04-26 16:14:43|18.25773331s|200|POST|/admin/login/check|::1|42 B|61 B|password=zxc123&code=4389&admin_name=admin|
2022-04-26 16:14:56|47.922785ms|200|GET|/admin/login/index|::1|0 B|1.9 KB||
2022-04-26 16:14:57|19.708117ms|200|GET|/admin/login/captcha|::1|0 B|636 B||
2022-04-26 16:14:59|258.514209ms|200|GET|/static/admin/images/cloud.jpg|::1|file=admin/images/cloud.jpg|0 B|563.7 KB||
2022-04-26 16:15:30|22.410171395s|200|POST|/admin/login/check|::1|42 B|96 B|admin_name=admin&password=zxc123&code=2216|
2022-04-26 16:15:34|91.60734ms|200|GET|/admin/article/lists|::1|0 B|8.0 KB||
2022-04-26 16:15:34|12.656255ms|200|GET|/static/js/layui/xadmin.css|::1|file=js/layui/xadmin.css v=1.0.7|0 B|10 B||
2022-04-26 16:15:34|8.559779ms|200|GET|/static/admin/css/edit.css|::1|file=admin/css/edit.css v=1.0.7|0 B|10 B||
2022-04-26 16:15:34|17.250532ms|200|GET|/static/admin/css/common.css|::1|file=admin/css/common.css v=1.0.7|0 B|10 B||
2022-04-26 16:15:34|167.265721ms|200|GET|/static/admin/js/index.js|::1|file=admin/js/index.js v=1.0.7|0 B|10.8 KB||
2022-04-26 16:15:34|212.816637ms|200|GET|/static/js/search.js|::1|file=js/search.js v=1.0.7|0 B|10 B||
2022-04-26 16:15:34|89.146321ms|200|GET|/static/js/layui/css/layui.css|::1|file=js/layui/css/layui.css|0 B|12.7 KB||
2022-04-26 16:15:34|8.548877ms|200|GET|/static/upload/default/1648432012129767507.jpg|::1|file=upload/default/1648432012129767507.jpg|0 B|10 B||
2022-04-26 16:15:35|172.105893ms|200|GET|/static/upload/default/1649835216393044134.jpg|::1|file=upload/default/1649835216393044134.jpg|0 B|576.0 KB||
2022-04-26 16:15:35|6.87238ms|200|GET|/static/admin/images/logo.png|::1|file=admin/images/logo.png|0 B|10 B||
2022-04-26 16:15:35|21.237099ms|200|GET|/static/admin/images/left.jpg|::1|file=admin/images/left.jpg|0 B|10 B||
2022-04-26 16:15:35|6.675238ms|200|GET|/static/admin/images/icon_out.png|::1|file=admin/images/icon_out.png|0 B|10 B||
2022-04-26 16:15:35|37.737969ms|200|GET|/static/admin/images/icon_admin.png|::1|file=admin/images/icon_admin.png|0 B|10 B||
2022-04-26 16:15:35|15.328332ms|200|GET|/static/admin/images/icon_new.png|::1|file=admin/images/icon_new.png|0 B|10 B||
2022-04-26 16:15:35|18.352945ms|200|GET|/static/admin/images/icon_menu.png|::1|file=admin/images/icon_menu.png|0 B|10 B||
2022-04-26 16:15:35|1.835524ms|200|GET|/static/admin/images/icon_go.png|::1|file=admin/images/icon_go.png|0 B|10 B||
2022-04-26 16:15:35|4.394215ms|200|GET|/static/admin/images/icon_member.png|::1|file=admin/images/icon_member.png|0 B|10 B||
2022-04-26 16:15:35|1.857021ms|200|GET|/static/admin/images/menu.png|::1|file=admin/images/menu.png|0 B|10 B||
2022-04-26 16:15:36|16.388994ms|200|GET|/static/js/layui/lay/modules/laydate.js|::1|file=js/layui/lay/modules/laydate.js|0 B|10 B||
2022-04-26 16:15:36|4.822301ms|200|GET|/static/js/layui/css/modules/laydate/default/laydate.css|::1|file=js/layui/css/modules/laydate/default/laydate.css v=5.0.9|0 B|10 B||
2022-04-26 16:15:36|8.599603ms|200|GET|/static/js/layui/lay/modules/upload.js|::1|file=js/layui/lay/modules/upload.js|0 B|10 B||
2022-04-26 16:15:36|11.183036ms|200|GET|/static/js/layui/font/iconfont.woff2|::1|file=js/layui/font/iconfont.woff2 v=250|0 B|10 B||
2022-04-26 16:15:37|1.308021ms|200|GET|/static/js/layui/lay/modules/layedit.js|::1|file=js/layui/lay/modules/layedit.js|0 B|10 B||
2022-04-26 16:15:39|12.652612ms|200|GET|/static/js/layui/css/modules/layer/default/loading-1.gif|::1|file=js/layui/css/modules/layer/default/loading-1.gif|0 B|10 B||
2022-04-26 16:15:39|23.42035ms|200|GET|/admin/article/edit/11|::1|id=11|0 B|8.5 KB||
2022-04-26 16:15:40|445.526244ms|200|GET|/static/util/tinymce/tinymce.min.js|::1|file=util/tinymce/tinymce.min.js v=1.0.7|0 B|119.2 KB||
2022-04-26 16:15:41|53.466045ms|200|GET|/static/util/tinymce/langs/zh_CN.js|::1|file=util/tinymce/langs/zh_CN.js|0 B|10 B||
2022-04-26 16:15:41|52.896063ms|200|GET|/static/util/tinymce/plugins/advlist/plugin.min.js|::1|file=util/tinymce/plugins/advlist/plugin.min.js|0 B|10 B||
2022-04-26 16:15:41|67.244537ms|200|GET|/static/util/tinymce/plugins/autolink/plugin.min.js|::1|file=util/tinymce/plugins/autolink/plugin.min.js|0 B|10 B||
2022-04-26 16:15:41|70.2334ms|200|GET|/static/util/tinymce/icons/default/icons.min.js|::1|file=util/tinymce/icons/default/icons.min.js|0 B|10 B||
2022-04-26 16:15:41|12.388719ms|200|GET|/static/util/tinymce/plugins/link/plugin.min.js|::1|file=util/tinymce/plugins/link/plugin.min.js|0 B|10 B||
2022-04-26 16:15:41|151.32113ms|200|GET|/static/util/tinymce/models/dom/model.min.js|::1|file=util/tinymce/models/dom/model.min.js|0 B|22.8 KB||
2022-04-26 16:15:41|9.984449ms|200|GET|/static/util/tinymce/plugins/image/plugin.min.js|::1|file=util/tinymce/plugins/image/plugin.min.js|0 B|10 B||
2022-04-26 16:15:41|12.599978ms|200|GET|/static/util/tinymce/plugins/lists/plugin.min.js|::1|file=util/tinymce/plugins/lists/plugin.min.js|0 B|10 B||
2022-04-26 16:15:41|392.830421ms|200|GET|/static/util/tinymce/themes/silver/theme.min.js|::1|file=util/tinymce/themes/silver/theme.min.js|0 B|109.1 KB||
2022-04-26 16:15:41|71.803043ms|200|GET|/static/util/tinymce/plugins/preview/plugin.min.js|::1|file=util/tinymce/plugins/preview/plugin.min.js|0 B|10 B||
2022-04-26 16:15:41|104.664211ms|200|GET|/static/util/tinymce/plugins/charmap/plugin.min.js|::1|file=util/tinymce/plugins/charmap/plugin.min.js|0 B|10 B||
2022-04-26 16:15:41|4.046322ms|200|GET|/static/util/tinymce/skins/ui/oxide/skin.min.css|::1|file=util/tinymce/skins/ui/oxide/skin.min.css|0 B|10 B||
2022-04-26 16:15:42|1.365805ms|200|GET|/static/util/tinymce/skins/ui/oxide/content.min.css|::1|file=util/tinymce/skins/ui/oxide/content.min.css|0 B|10 B||
2022-04-26 16:15:42|677.606µs|200|GET|/static/util/tinymce/skins/content/default/content.min.css|::1|file=util/tinymce/skins/content/default/content.min.css|0 B|10 B||
2022-04-26 16:15:48|25.866071ms|200|POST|/admin/article/save|::1|5.5 KB|59 B|id=11&title=%E2%80%9C%E8%BA%BA%E2%80%9D%E5%9C%A8%E4%B8%AD%E5%9B%BD%E4%B9%B3%E4%B8%9A%E8%83%8C%E5%90%8E%E8%B5%9A%E9%92%B1%EF%BC%9A%E6%8A%BD%E8%B5%B075%25%E5%88%A9%E6%B6%A6%EF%BC%8C%E8%92%99%E7%89%9B%E4%BC%8A%E5%88%A9%E9%83%BD%E4%B8%BA%E5%85%B6%E6%89%93%E5%B7%A5&Filedata=&img=%2Fstatic%2Fupload%2Fdefault%2F1649835216393044134.jpg&description=%E6%8F%90%E5%88%B0%E4%B8%AD%E5%9B%BD%E5%A5%B6%E4%B8%9A%EF%BC%8C%E7%8E%87%E5%85%88%E8%80%83%E8%99%91%E5%88%B0%E7%9A%84%E5%B0%B1%E6%98%AF%E4%BC%8A%E5%88%A9%E5%92%8C%E8%92%99%E7%89%9B%E4%B8%A4%E5%A4%A7%E4%BC%81%E4%B8%9A%EF%BC%8C%E4%BA%8C%E8%80%85%E6%98%AF%E4%B8%AD%E5%9B%BD%E5%A5%B6%E4%B8%9A%E7%9A%84top2%E3%80%82%E8%80%8C%E7%89%9B%E5%A5%B6%E4%BD%9C%E4%B8%BA%E8%90%A5%E5%85%BB%E4%BA%A7%E5%93%81%EF%BC%8C%E5%87%A0%E4%B9%8E%E6%98%AF%E5%AE%B6%E5%AE%B6%E6%97%A5%E5%B8%B8%E9%83%BD%E4%BC%9A%E8%B4%AD%E4%B9%B0%E7%9A%84%E4%BA%A7%E5%93%81%EF%BC%8C%E6%89%80%E4%BB%A5%E6%88%91%E5%9B%BD%E5%A5%B6%E4%B8%9A%E7%9A%84%E8%90%A5%E6%94%B6%E9%9D%9E%E5%B8%B8%E9%AB%98%E3%80%82%26nbsp%3B%26nbsp%3B%E4%BD%86%E6%98%AF%E8%BF%99%E7%AC%94%E9%92%B1%E7%9A%84%E5%A4%A7%E5%A4%B4%E5%B9%B6%E6%B2%A1%E6%9C%89%E8%A2%AB%E8%92%99%E7%89%9B%E3%80%81%E4%BC%8A%E5%88%A9%E7%AD%89%E5%A5%B6%E5%95%86%E6%8B%BF%E8%B5%B0%EF%BC%8C%E8%80%8C%E6%98%AF%E8%A2%AB%E4%B8%80%E5%AE%B6%E5%90%8D%E4%B8%BA%E5%88%A9%E4%B9%90%E7%9A%84%E7%91%9E%E5%85%B8%E5%85%AC%E5%8F%B8%E6%8B%BF%E8%B5%B0%E4%BA%86%EF%BC%8C%E4%B8%8D%E5%B0%91%E7%BD%91%E5%8F%8B%E5%8F%AF%E8%83%BD%E8%A6%81%E9%97%AE%E4%B8%BA%E4%BB%80%E4%B9%88%EF%BC%9F%E4%BB%8A%E5%A4%A9%E5%B0%B1%E8%AE%A9%E6%88%91%E4%BB%AC%E6%9D%A5%E6%8E%A2%E7%B4%A2&content=++++++++++++++++++++++++++++++++++++++++++++++++++++++++++++++++++++++++++++++++++++++++++++++++++++++++++++%3Cdiv+class%3D%22index-module_textWrap_3ygOc+%22%3E%0A%3Cp+data-from-paste%3D%221%22%3E%3Cspan+data-diagnose-id%3D%22f9b72e69bab75b6bf45812e390826cba%22%3E%E6%8F%90%E5%88%B0%E4%B8%AD%E5%9B%BD%E5%A5%B6%E4%B8%9A%EF%BC%8C%E7%8E%87%E5%85%88%E8%80%83%E8%99%91%E5%88%B0%E7%9A%84%E5%B0%B1%E6%98%AF%E4%BC%8A%E5%88%A9%E5%92%8C%E8%92%99%E7%89%9B%E4%B8%A4%E5%A4%A7%E4%BC%81%E4%B8%9A%EF%BC%8C%E4%BA%8C%E8%80%85%E6%98%AF%E4%B8%AD%E5%9B%BD%E5%A5%B6%E4%B8%9A%E7%9A%84top2%E3%80%82%E8%80%8C%E7%89%9B%E5%A5%B6%E4%BD%9C%E4%B8%BA%E8%90%A5%E5%85%BB%E4%BA%A7%E5%93%81%EF%BC%8C%E5%87%A0%E4%B9%8E%E6%98%AF%E5%AE%B6%E5%AE%B6%E6%97%A5%E5%B8%B8%E9%83%BD%E4%BC%9A%E8%B4%AD%E4%B9%B0%E7%9A%84%E4%BA%A7%E5%93%81%EF%BC%8C%E6%89%80%E4%BB%A5%E6%88%91%E5%9B%BD%E5%A5%B6%E4%B8%9A%E7%9A%84%E8%90%A5%E6%94%B6%E9%9D%9E%E5%B8%B8%E9%AB%98%E3%80%82%3C%2Fspan%3E%3C%2Fp%3E%0A%3Cp%3E%C2%A0%3C%2Fp%3E%0A%3C%2Fdiv%3E%0A%3Cdiv+class%3D%22index-module_textWrap_3ygOc+%22%3E%0A%3Cp%3E%C2%A0%3C%2Fp%3E%0A%3Cp+data-from-paste%3D%221%22%3E%3Cspan+data-from-paste%3D%221%22+data-diagnose-id%3D%22553a2b90787f3bd74ffd43536761dfaf%22%3E%E4%BD%86%E6%98%AF%E8%BF%99%E7%AC%94%E9%92%B1%E7%9A%84%E5%A4%A7%E5%A4%B4%E5%B9%B6%E6%B2%A1%E6%9C%89%E8%A2%AB%E8%92%99%E7%89%9B%E3%80%81%E4%BC%8A%E5%88%A9%E7%AD%89%E5%A5%B6%E5%95%86%E6%8B%BF%E8%B5%B0%EF%BC%8C%3C%2Fspan%3E%3Cstrong+data-from-paste%3D%221%22+data-diagnose-id%3D%221ca516d0c7d04e387adb9928afb87174%22%3E%3Cspan+data-from-paste%3D%221%22+data-diagnose-id%3D%22a8549b0637b6eee855d70a2e1ea264cf%22%3E%E8%80%8C%E6%98%AF%E8%A2%AB%E4%B8%80%E5%AE%B6%E5%90%8D%E4%B8%BA%E5%88%A9%E4%B9%90%E7%9A%84%E7%91%9E%E5%85%B8%E5%85%AC%E5%8F%B8%E6%8B%BF%E8%B5%B0%E4%BA%86%EF%BC%8C%3C%2Fspan%3E%3C%2Fstrong%3E%3Cspan+data-from-paste%3D%221%22+data-diagnose-id%3D%226615807af7e4788d1574f7e2d113ff4f%22%3E%E4%B8%8D%E5%B0%91%E7%BD%91%E5%8F%8B%E5%8F%AF%E8%83%BD%E8%A6%81%E9%97%AE%E4%B8%BA%E4%BB%80%E4%B9%88%EF%BC%9F%E4%BB%8A%E5%A4%A9%E5%B0%B1%E8%AE%A9%E6%88%91%E4%BB%AC%E6%9D%A5%E6%8E%A2%E7%B4%A2%E4%B8%80%E4%B8%8B%E7%A9%B6%E7%AB%9F%E6%98%AF%E4%B8%BA%E4%BB%80%E4%B9%88%EF%BC%9F%3C%2Fspan%3E%3C%2Fp%3E%0A%3Cp%3E%C2%A0%3C%2Fp%3E%0A%3C%2Fdiv%3E%0A%3Cdiv+class%3D%22index-module_textWrap_3ygOc+%22%3E%0A%3Ch3+class%3D%22pgc-h-arrow-right%22+data-from-paste%3D%221%22+data-diagnose-id%3D%22de08c70f69a0affcc48048505b3b150c%22%3E%E4%B8%80%E3%80%81%E5%88%A9%E4%B9%90%3C%2Fh3%3E%0A%3Cp%3E%C2%A0%3C%2Fp%3E%0A%3C%2Fdiv%3E%0A%3Cdiv+class%3D%22index-module_textWrap_3ygOc+%22%3E%0A%3Cp%3E%C2%A0%3C%2Fp%3E%0A%3Cp+data-from-paste%3D%221%22%3E%3Cspan+data-from-paste%3D%221%22+data-diagnose-id%3D%2253115e87aa77d1647802bcdd3cc91a91%22%3E%E5%88%A9%E4%B9%90%E6%98%AF%E7%91%9E%E5%85%B8%E7%9A%84%E4%B8%80%E5%AE%B6%E5%85%AC%E5%8F%B8%EF%BC%8C%E5%88%9B%E5%A7%8B%E4%BA%BA%E6%98%AF%E9%B2%81%E5%AE%BE%C2%B7%E5%8A%B3%E8%BE%9B%EF%BC%8C%3C%2Fspan%3E%3Cstrong+data-from-paste%3D%221%22+data-diagnose-id%3D%220c4a72c92b2e3cf46eeaa4516124a8ae%22%3E%3Cspan+data-from-paste%3D%221%22+data-diagnose-id%3D%22ae5bb6194c307787e68acbbb282ea052%22%3E%E5%8F%AF%E4%BB%A5%E8%AF%B4%E9%B2%81%E5%AE%BE%C2%B7%E5%8A%B3%E8%BE%9B%E6%98%AF%E4%B8%80%E4%B8%AA%E9%9D%9E%E5%B8%B8%E6%9C%89%E8%BF%9C%E8%A7%81%E7%9A%84%E5%95%86%E4%BA%BA%E3%80%82%3C%2Fspan%3E%3C%2Fstrong%3E%3Cspan+data-from-paste%3D%221%22+data-diagnose-id%3D%2293fb05065f2bfe366c7a90760dd7950c%22%3E%E9%B2%81%E5%AE%BE%C2%B7%E5%8A%B3%E8%BE%9B%E5%87%BA%E7%94%9F%E4%BA%8E1895%E5%B9%B4%EF%BC%8C%E6%8B%BF%E5%88%B0%E4%BA%86%E5%93%A5%E4%BC%A6%E6%AF%94%E4%BA%9A%E5%A4%A7%E5%AD%A6%E7%9A%84%E7%A1%95%E5%A3%AB%E5%AD%A6%E4%BD%8D%EF%BC%8C%E6%98%AF%E4%B8%80%E4%BD%8D%E9%AB%98%E7%BA%A7%E7%9F%A5%E8%AF%86%E5%88%86%E5%AD%90%EF%BC%8C%E4%BB%96%E7%9A%84%E5%88%9B%E4%B8%9A%E7%81%B5%E6%84%9F%E6%9D%A5%E6%BA%90%E4%BA%8E%E5%A4%A7%E5%AD%A6%E6%97%B6%E7%9A%84%E4%B8%80%E6%AC%A1%E5%81%B6%E7%84%B6%E5%8F%91%E7%8E%B0%E3%80%82%3C%2Fspan%3E%3C%2Fp%3E%0A%3C%2Fdiv%3E%0A++++++++++++++++++++++++++++%0A++++++++++++++++++++++++++++%0A++++++++++++++++++++++++++++|
2022-04-26 16:15:49|41.226344ms|200|GET|/admin/article/lists|::1|0 B|8.0 KB||
2022-04-27 11:52:56|31.650276ms|200|GET|/admin/login/index|::1|0 B|1.9 KB||
2022-04-27 11:52:57|10.527821ms|200|GET|/static/admin/css/member.css|::1|file=admin/css/member.css v=1.0.7|0 B|10 B||
2022-04-27 11:52:57|34.965958ms|200|GET|/static/js/jquery.min.js|::1|file=js/jquery.min.js v=1.0.7|0 B|23.1 KB||
2022-04-27 11:52:57|28.779265ms|200|GET|/static/js/layui/layui.js|::1|file=js/layui/layui.js v=1.0.7|0 B|10 B||
2022-04-27 11:52:57|20.175916ms|200|GET|/static/admin/js/login.js|::1|file=admin/js/login.js v=1.0.7|0 B|10 B||
2022-04-27 11:52:57|15.393783ms|200|GET|/static/js/xadmin.js|::1|file=js/xadmin.js v=1.0.7|0 B|10 B||
2022-04-27 11:52:57|6.816696ms|200|GET|/admin/login/captcha|::1|0 B|670 B||
2022-04-27 11:52:57|1.619522ms|200|GET|/static/js/layui/lay/modules/layer.js|::1|file=js/layui/lay/modules/layer.js|0 B|10 B||
2022-04-27 11:52:57|3.542381ms|200|GET|/static/js/layui/lay/modules/form.js|::1|file=js/layui/lay/modules/form.js|0 B|10 B||
2022-04-27 11:52:57|5.275736ms|200|GET|/static/admin/images/login.gif|::1|file=admin/images/login.gif|0 B|10 B||
2022-04-27 11:52:57|1.133395ms|200|GET|/static/admin/images/icon-yanzhengma.png|::1|file=admin/images/icon-yanzhengma.png|0 B|10 B||
2022-04-27 11:52:57|304.892061ms|200|GET|/static/admin/images/cloud.jpg|::1|file=admin/images/cloud.jpg|0 B|563.7 KB||
2022-04-27 11:52:57|1.571658ms|200|GET|/static/js/layui/css/modules/layer/default/layer.css|::1|file=js/layui/css/modules/layer/default/layer.css v=3.1.1|0 B|10 B||
2022-04-27 11:52:58|6.604078ms|200|GET|/static/js/layui/lay/modules/element.js|::1|file=js/layui/lay/modules/element.js|0 B|10 B||
2022-04-27 11:52:58|9.287722ms|200|GET|/static/js/mod/ie_version.js|::1|file=js/mod/ie_version.js|0 B|10 B||
2022-04-27 11:52:58|8.600437ms|404|GET|/favicon.ico|::1|0 B|3.5 KB||
2022-04-27 11:53:07|4.33826ms|200|GET|/admin/login/captcha|::1|randow=0.9569154641475255|0 B|659 B||
2022-04-27 11:53:12|660.579µs|200|GET|/static/js/layui/css/modules/layer/default/loading-0.gif|::1|file=js/layui/css/modules/layer/default/loading-0.gif|0 B|10 B||
2022-04-27 11:53:12|174.598162ms|200|POST|/admin/login/check|::1|42 B|96 B|admin_name=admin&password=zxc123&code=6269|
2022-04-27 11:53:12|1.030134ms|200|GET|/static/js/layui/css/modules/layer/default/icon.png|::1|file=js/layui/css/modules/layer/default/icon.png|0 B|10 B||
2022-04-27 11:53:16|74.203764ms|200|GET|/admin/article/lists|::1|0 B|8.0 KB||
2022-04-27 11:53:16|1.230122ms|200|GET|/static/js/layui/xadmin.css|::1|file=js/layui/xadmin.css v=1.0.7|0 B|10 B||
2022-04-27 11:53:16|2.939139ms|200|GET|/static/admin/css/edit.css|::1|file=admin/css/edit.css v=1.0.7|0 B|10 B||
2022-04-27 11:53:16|1.628063ms|200|GET|/static/admin/css/common.css|::1|file=admin/css/common.css v=1.0.7|0 B|10 B||
2022-04-27 11:53:16|625.053µs|200|GET|/static/js/search.js|::1|file=js/search.js v=1.0.7|0 B|10 B||
2022-04-27 11:53:16|28.381647ms|200|GET|/static/admin/js/index.js|::1|file=admin/js/index.js v=1.0.7|0 B|10.8 KB||
2022-04-27 11:53:16|29.941712ms|200|GET|/static/js/layui/css/layui.css|::1|file=js/layui/css/layui.css|0 B|12.7 KB||
2022-04-27 11:53:16|51.035748ms|200|GET|/static/upload/default/1649835216393044134.jpg|::1|file=upload/default/1649835216393044134.jpg|0 B|576.0 KB||
2022-04-27 11:53:16|11.764151ms|200|GET|/static/upload/default/1648432012129767507.jpg|::1|file=upload/default/1648432012129767507.jpg|0 B|10 B||
2022-04-27 11:53:16|1.616474ms|200|GET|/static/admin/images/left.jpg|::1|file=admin/images/left.jpg|0 B|10 B||
2022-04-27 11:53:16|10.536358ms|200|GET|/static/admin/images/logo.png|::1|file=admin/images/logo.png|0 B|10 B||
2022-04-27 11:53:16|2.15466ms|200|GET|/static/admin/images/icon_out.png|::1|file=admin/images/icon_out.png|0 B|10 B||
2022-04-27 11:53:16|5.665327ms|200|GET|/static/admin/images/icon_admin.png|::1|file=admin/images/icon_admin.png|0 B|10 B||
2022-04-27 11:53:16|3.961855ms|200|GET|/static/admin/images/icon_menu.png|::1|file=admin/images/icon_menu.png|0 B|10 B||
2022-04-27 11:53:16|1.169231ms|200|GET|/static/admin/images/icon_member.png|::1|file=admin/images/icon_member.png|0 B|10 B||
2022-04-27 11:53:16|87.02508ms|200|GET|/static/admin/images/icon_go.png|::1|file=admin/images/icon_go.png|0 B|10 B||
2022-04-27 11:53:16|89.974735ms|200|GET|/static/admin/images/menu.png|::1|file=admin/images/menu.png|0 B|10 B||
2022-04-27 11:53:16|63.476684ms|200|GET|/static/admin/images/icon_new.png|::1|file=admin/images/icon_new.png|0 B|10 B||
2022-04-27 11:53:17|12.197514ms|200|GET|/static/js/layui/lay/modules/laydate.js|::1|file=js/layui/lay/modules/laydate.js|0 B|10 B||
2022-04-27 11:53:17|1.530558ms|200|GET|/static/js/layui/css/modules/laydate/default/laydate.css|::1|file=js/layui/css/modules/laydate/default/laydate.css v=5.0.9|0 B|10 B||
2022-04-27 11:53:17|3.230654ms|200|GET|/static/js/layui/lay/modules/upload.js|::1|file=js/layui/lay/modules/upload.js|0 B|10 B||
2022-04-27 11:53:17|1.541751ms|200|GET|/static/js/layui/lay/modules/layedit.js|::1|file=js/layui/lay/modules/layedit.js|0 B|10 B||
2022-04-27 11:53:17|767.503µs|200|GET|/static/js/layui/font/iconfont.woff2|::1|file=js/layui/font/iconfont.woff2 v=250|0 B|10 B||
2022-04-27 11:53:19|2.53946ms|200|GET|/static/js/layui/css/modules/layer/default/loading-1.gif|::1|file=js/layui/css/modules/layer/default/loading-1.gif|0 B|10 B||
2022-04-27 11:53:19|17.157712ms|200|GET|/admin/article/edit/11|::1|id=11|0 B|8.6 KB||
2022-04-27 11:53:19|78.888939ms|200|GET|/static/util/tinymce/tinymce.min.js|::1|file=util/tinymce/tinymce.min.js v=1.0.7|0 B|119.2 KB||
2022-04-27 11:53:20|56.117409ms|200|GET|/static/util/tinymce/themes/silver/theme.min.js|::1|file=util/tinymce/themes/silver/theme.min.js|0 B|109.1 KB||
2022-04-27 11:53:20|14.956784ms|200|GET|/static/util/tinymce/models/dom/model.min.js|::1|file=util/tinymce/models/dom/model.min.js|0 B|22.8 KB||
2022-04-27 11:53:20|5.818087ms|200|GET|/static/util/tinymce/langs/zh_CN.js|::1|file=util/tinymce/langs/zh_CN.js|0 B|10 B||
2022-04-27 11:53:20|20.914642ms|200|GET|/static/util/tinymce/icons/default/icons.min.js|::1|file=util/tinymce/icons/default/icons.min.js|0 B|10 B||
2022-04-27 11:53:20|21.257228ms|200|GET|/static/util/tinymce/plugins/advlist/plugin.min.js|::1|file=util/tinymce/plugins/advlist/plugin.min.js|0 B|10 B||
2022-04-27 11:53:20|31.06812ms|200|GET|/static/util/tinymce/plugins/autolink/plugin.min.js|::1|file=util/tinymce/plugins/autolink/plugin.min.js|0 B|10 B||
2022-04-27 11:53:20|8.851851ms|200|GET|/static/util/tinymce/plugins/link/plugin.min.js|::1|file=util/tinymce/plugins/link/plugin.min.js|0 B|10 B||
2022-04-27 11:53:20|9.691684ms|200|GET|/static/util/tinymce/plugins/image/plugin.min.js|::1|file=util/tinymce/plugins/image/plugin.min.js|0 B|10 B||
2022-04-27 11:53:20|10.910696ms|200|GET|/static/util/tinymce/plugins/lists/plugin.min.js|::1|file=util/tinymce/plugins/lists/plugin.min.js|0 B|10 B||
2022-04-27 11:53:20|1.40089ms|200|GET|/static/util/tinymce/plugins/charmap/plugin.min.js|::1|file=util/tinymce/plugins/charmap/plugin.min.js|0 B|10 B||
2022-04-27 11:53:20|964.209µs|200|GET|/static/util/tinymce/plugins/preview/plugin.min.js|::1|file=util/tinymce/plugins/preview/plugin.min.js|0 B|10 B||
2022-04-27 11:53:20|2.152354ms|200|GET|/static/util/tinymce/skins/ui/oxide/skin.min.css|::1|file=util/tinymce/skins/ui/oxide/skin.min.css|0 B|10 B||
2022-04-27 11:53:21|792.48µs|200|GET|/static/util/tinymce/skins/ui/oxide/content.min.css|::1|file=util/tinymce/skins/ui/oxide/content.min.css|0 B|10 B||
2022-04-27 11:53:21|15.102524ms|200|GET|/static/util/tinymce/skins/content/default/content.min.css|::1|file=util/tinymce/skins/content/default/content.min.css|0 B|10 B||
2022-04-27 11:53:27|43.223124ms|200|POST|/admin/article/save|::1|5.5 KB|59 B|id=11&title=%E2%80%9C%E8%BA%BA%E2%80%9D%E5%9C%A8%E4%B8%AD%E5%9B%BD%E4%B9%B3%E4%B8%9A%E8%83%8C%E5%90%8E%E8%B5%9A%E9%92%B1%EF%BC%9A%E6%8A%BD%E8%B5%B075%25%E5%88%A9%E6%B6%A6%EF%BC%8C%E8%92%99%E7%89%9B%E4%BC%8A%E5%88%A9%E9%83%BD%E4%B8%BA&Filedata=&img=%2Fstatic%2Fupload%2Fdefault%2F1649835216393044134.jpg&description=%E6%8F%90%E5%88%B0%E4%B8%AD%E5%9B%BD%E5%A5%B6%E4%B8%9A%EF%BC%8C%E7%8E%87%E5%85%88%E8%80%83%E8%99%91%E5%88%B0%E7%9A%84%E5%B0%B1%E6%98%AF%E4%BC%8A%E5%88%A9%E5%92%8C%E8%92%99%E7%89%9B%E4%B8%A4%E5%A4%A7%E4%BC%81%E4%B8%9A%EF%BC%8C%E4%BA%8C%E8%80%85%E6%98%AF%E4%B8%AD%E5%9B%BD%E5%A5%B6%E4%B8%9A%E7%9A%84top2%E3%80%82%E8%80%8C%E7%89%9B%E5%A5%B6%E4%BD%9C%E4%B8%BA%E8%90%A5%E5%85%BB%E4%BA%A7%E5%93%81%EF%BC%8C%E5%87%A0%E4%B9%8E%E6%98%AF%E5%AE%B6%E5%AE%B6%E6%97%A5%E5%B8%B8%E9%83%BD%E4%BC%9A%E8%B4%AD%E4%B9%B0%E7%9A%84%E4%BA%A7%E5%93%81%EF%BC%8C%E6%89%80%E4%BB%A5%E6%88%91%E5%9B%BD%E5%A5%B6%E4%B8%9A%E7%9A%84%E8%90%A5%E6%94%B6%E9%9D%9E%E5%B8%B8%E9%AB%98%E3%80%82%26nbsp%3B%26nbsp%3B%E4%BD%86%E6%98%AF%E8%BF%99%E7%AC%94%E9%92%B1%E7%9A%84%E5%A4%A7%E5%A4%B4%E5%B9%B6%E6%B2%A1%E6%9C%89%E8%A2%AB%E8%92%99%E7%89%9B%E3%80%81%E4%BC%8A%E5%88%A9%E7%AD%89%E5%A5%B6%E5%95%86%E6%8B%BF%E8%B5%B0%EF%BC%8C%E8%80%8C%E6%98%AF%E8%A2%AB%E4%B8%80%E5%AE%B6%E5%90%8D%E4%B8%BA%E5%88%A9%E4%B9%90%E7%9A%84%E7%91%9E%E5%85%B8%E5%85%AC%E5%8F%B8%E6%8B%BF%E8%B5%B0%E4%BA%86%EF%BC%8C%E4%B8%8D%E5%B0%91%E7%BD%91%E5%8F%8B%E5%8F%AF%E8%83%BD%E8%A6%81%E9%97%AE%E4%B8%BA%E4%BB%80%E4%B9%88%EF%BC%9F%E4%BB%8A%E5%A4%A9%E5%B0%B1%E8%AE%A9%E6%88%91%E4%BB%AC%E6%9D%A5%E6%8E%A2%E7%B4%A2&content=++++++++++++++++++++++++++++++++++++++++++++++++++++++++++++++++++++++++++++++++++++++++++++++++++++++++++++++++++++++++++++++++++++++++++++++++%3Cdiv+class%3D%22index-module_textWrap_3ygOc+%22%3E%0A%3Cp+data-from-paste%3D%221%22%3E%3Cspan+data-diagnose-id%3D%22f9b72e69bab75b6bf45812e390826cba%22%3E%E6%8F%90%E5%88%B0%E4%B8%AD%E5%9B%BD%E5%A5%B6%E4%B8%9A%EF%BC%8C%E7%8E%87%E5%85%88%E8%80%83%E8%99%91%E5%88%B0%E7%9A%84%E5%B0%B1%E6%98%AF%E4%BC%8A%E5%88%A9%E5%92%8C%E8%92%99%E7%89%9B%E4%B8%A4%E5%A4%A7%E4%BC%81%E4%B8%9A%EF%BC%8C%E4%BA%8C%E8%80%85%E6%98%AF%E4%B8%AD%E5%9B%BD%E5%A5%B6%E4%B8%9A%E7%9A%84top2%E3%80%82%E8%80%8C%E7%89%9B%E5%A5%B6%E4%BD%9C%E4%B8%BA%E8%90%A5%E5%85%BB%E4%BA%A7%E5%93%81%EF%BC%8C%E5%87%A0%E4%B9%8E%E6%98%AF%E5%AE%B6%E5%AE%B6%E6%97%A5%E5%B8%B8%E9%83%BD%E4%BC%9A%E8%B4%AD%E4%B9%B0%E7%9A%84%E4%BA%A7%E5%93%81%EF%BC%8C%E6%89%80%E4%BB%A5%E6%88%91%E5%9B%BD%E5%A5%B6%E4%B8%9A%E7%9A%84%E8%90%A5%E6%94%B6%E9%9D%9E%E5%B8%B8%E9%AB%98%E3%80%82%3C%2Fspan%3E%3C%2Fp%3E%0A%3Cp%3E%C2%A0%3C%2Fp%3E%0A%3C%2Fdiv%3E%0A%3Cdiv+class%3D%22index-module_textWrap_3ygOc+%22%3E%0A%3Cp%3E%C2%A0%3C%2Fp%3E%0A%3Cp+data-from-paste%3D%221%22%3E%3Cspan+data-from-paste%3D%221%22+data-diagnose-id%3D%22553a2b90787f3bd74ffd43536761dfaf%22%3E%E4%BD%86%E6%98%AF%E8%BF%99%E7%AC%94%E9%92%B1%E7%9A%84%E5%A4%A7%E5%A4%B4%E5%B9%B6%E6%B2%A1%E6%9C%89%E8%A2%AB%E8%92%99%E7%89%9B%E3%80%81%E4%BC%8A%E5%88%A9%E7%AD%89%E5%A5%B6%E5%95%86%E6%8B%BF%E8%B5%B0%EF%BC%8C%3C%2Fspan%3E%3Cstrong+data-from-paste%3D%221%22+data-diagnose-id%3D%221ca516d0c7d04e387adb9928afb87174%22%3E%3Cspan+data-from-paste%3D%221%22+data-diagnose-id%3D%22a8549b0637b6eee855d70a2e1ea264cf%22%3E%E8%80%8C%E6%98%AF%E8%A2%AB%E4%B8%80%E5%AE%B6%E5%90%8D%E4%B8%BA%E5%88%A9%E4%B9%90%E7%9A%84%E7%91%9E%E5%85%B8%E5%85%AC%E5%8F%B8%E6%8B%BF%E8%B5%B0%E4%BA%86%EF%BC%8C%3C%2Fspan%3E%3C%2Fstrong%3E%3Cspan+data-from-paste%3D%221%22+data-diagnose-id%3D%226615807af7e4788d1574f7e2d113ff4f%22%3E%E4%B8%8D%E5%B0%91%E7%BD%91%E5%8F%8B%E5%8F%AF%E8%83%BD%E8%A6%81%E9%97%AE%E4%B8%BA%E4%BB%80%E4%B9%88%EF%BC%9F%E4%BB%8A%E5%A4%A9%E5%B0%B1%E8%AE%A9%E6%88%91%E4%BB%AC%E6%9D%A5%E6%8E%A2%E7%B4%A2%E4%B8%80%E4%B8%8B%E7%A9%B6%E7%AB%9F%E6%98%AF%E4%B8%BA%E4%BB%80%E4%B9%88%EF%BC%9F%3C%2Fspan%3E%3C%2Fp%3E%0A%3Cp%3E%C2%A0%3C%2Fp%3E%0A%3C%2Fdiv%3E%0A%3Cdiv+class%3D%22index-module_textWrap_3ygOc+%22%3E%0A%3Ch3+class%3D%22pgc-h-arrow-right%22+data-from-paste%3D%221%22+data-diagnose-id%3D%22de08c70f69a0affcc48048505b3b150c%22%3E%E4%B8%80%E3%80%81%E5%88%A9%E4%B9%90%3C%2Fh3%3E%0A%3Cp%3E%C2%A0%3C%2Fp%3E%0A%3C%2Fdiv%3E%0A%3Cdiv+class%3D%22index-module_textWrap_3ygOc+%22%3E%0A%3Cp%3E%C2%A0%3C%2Fp%3E%0A%3Cp+data-from-paste%3D%221%22%3E%3Cspan+data-from-paste%3D%221%22+data-diagnose-id%3D%2253115e87aa77d1647802bcdd3cc91a91%22%3E%E5%88%A9%E4%B9%90%E6%98%AF%E7%91%9E%E5%85%B8%E7%9A%84%E4%B8%80%E5%AE%B6%E5%85%AC%E5%8F%B8%EF%BC%8C%E5%88%9B%E5%A7%8B%E4%BA%BA%E6%98%AF%E9%B2%81%E5%AE%BE%C2%B7%E5%8A%B3%E8%BE%9B%EF%BC%8C%3C%2Fspan%3E%3Cstrong+data-from-paste%3D%221%22+data-diagnose-id%3D%220c4a72c92b2e3cf46eeaa4516124a8ae%22%3E%3Cspan+data-from-paste%3D%221%22+data-diagnose-id%3D%22ae5bb6194c307787e68acbbb282ea052%22%3E%E5%8F%AF%E4%BB%A5%E8%AF%B4%E9%B2%81%E5%AE%BE%C2%B7%E5%8A%B3%E8%BE%9B%E6%98%AF%E4%B8%80%E4%B8%AA%E9%9D%9E%E5%B8%B8%E6%9C%89%E8%BF%9C%E8%A7%81%E7%9A%84%E5%95%86%E4%BA%BA%E3%80%82%3C%2Fspan%3E%3C%2Fstrong%3E%3Cspan+data-from-paste%3D%221%22+data-diagnose-id%3D%2293fb05065f2bfe366c7a90760dd7950c%22%3E%E9%B2%81%E5%AE%BE%C2%B7%E5%8A%B3%E8%BE%9B%E5%87%BA%E7%94%9F%E4%BA%8E1895%E5%B9%B4%EF%BC%8C%E6%8B%BF%E5%88%B0%E4%BA%86%E5%93%A5%E4%BC%A6%E6%AF%94%E4%BA%9A%E5%A4%A7%E5%AD%A6%E7%9A%84%E7%A1%95%E5%A3%AB%E5%AD%A6%E4%BD%8D%EF%BC%8C%E6%98%AF%E4%B8%80%E4%BD%8D%E9%AB%98%E7%BA%A7%E7%9F%A5%E8%AF%86%E5%88%86%E5%AD%90%EF%BC%8C%E4%BB%96%E7%9A%84%E5%88%9B%E4%B8%9A%E7%81%B5%E6%84%9F%E6%9D%A5%E6%BA%90%E4%BA%8E%E5%A4%A7%E5%AD%A6%E6%97%B6%E7%9A%84%E4%B8%80%E6%AC%A1%E5%81%B6%E7%84%B6%E5%8F%91%E7%8E%B0%E3%80%82%3C%2Fspan%3E%3C%2Fp%3E%0A%3C%2Fdiv%3E%0A++++++++++++++++++++++++++++%0A++++++++++++++++++++++++++++%0A++++++++++++++++++++++++++++%0A++++++++++++++++++++++++++++|
2022-04-27 11:53:28|34.50464ms|200|GET|/admin/article/lists|::1|0 B|8.0 KB||
2022-04-27 11:53:32|12.295502ms|200|GET|/admin/article/edit/11|::1|id=11|0 B|8.6 KB||
